SF:lib\domain\entities\tvshow\season.dart
DA:4,6
DA:19,2
DA:20,12
LF:3
LH:3
end_of_record
SF:lib\data\datasources\db\database_helper.dart
DA:11,0
DA:15,0
DA:19,0
DA:21,0
DA:29,0
DA:30,0
DA:31,0
DA:33,0
DA:37,0
DA:38,0
DA:45,0
DA:47,0
DA:54,0
DA:57,0
DA:58,0
DA:59,0
DA:62,0
DA:63,0
DA:64,0
DA:67,0
DA:71,0
DA:72,0
DA:73,0
DA:76,0
DA:79,0
DA:80,0
DA:86,0
DA:87,0
DA:89,0
DA:96,0
DA:97,0
DA:98,0
DA:101,0
DA:102,0
DA:103,0
DA:106,0
DA:110,0
DA:111,0
DA:112,0
DA:115,0
DA:118,0
DA:119,0
DA:125,0
DA:126,0
DA:128,0
LF:45
LH:0
end_of_record
SF:lib\data\models\movie_detail_model.dart
DA:7,2
DA:53,1
DA:54,1
DA:55,1
DA:56,1
DA:57,1
DA:58,1
DA:59,4
DA:60,1
DA:61,1
DA:62,1
DA:63,1
DA:64,1
DA:65,1
DA:66,2
DA:67,1
DA:68,1
DA:69,1
DA:70,1
DA:71,1
DA:72,1
DA:73,1
DA:74,1
DA:75,2
DA:76,1
DA:79,0
DA:80,0
DA:81,0
DA:82,0
DA:83,0
DA:84,0
DA:85,0
DA:86,0
DA:87,0
DA:88,0
DA:89,0
DA:90,0
DA:91,0
DA:92,0
DA:93,0
DA:94,0
DA:95,0
DA:96,0
DA:97,0
DA:98,0
DA:99,0
DA:100,0
DA:103,1
DA:104,1
DA:105,1
DA:106,1
DA:107,5
DA:108,1
DA:109,1
DA:110,1
DA:111,1
DA:112,1
DA:113,1
DA:114,1
DA:115,1
DA:116,1
DA:120,1
DA:122,1
DA:123,1
DA:124,1
DA:125,1
DA:126,1
DA:127,1
DA:128,1
DA:129,1
DA:130,1
DA:131,1
DA:132,1
DA:133,1
DA:134,1
DA:135,1
DA:136,1
DA:137,1
DA:138,1
DA:139,1
DA:140,1
DA:141,1
DA:142,1
DA:143,1
LF:84
LH:62
end_of_record
SF:lib\data\models\movie_model.dart
DA:6,4
DA:36,4
DA:37,2
DA:38,2
DA:39,8
DA:40,2
DA:41,2
DA:42,2
DA:43,4
DA:44,2
DA:45,2
DA:46,2
DA:47,2
DA:48,4
DA:49,2
DA:52,2
DA:53,1
DA:54,1
DA:55,4
DA:56,1
DA:57,1
DA:58,1
DA:59,1
DA:60,1
DA:61,1
DA:62,1
DA:63,1
DA:64,1
DA:65,1
DA:68,2
DA:69,2
DA:70,2
DA:71,2
DA:72,2
DA:73,2
DA:74,2
DA:75,2
DA:76,2
DA:77,2
DA:78,2
DA:79,2
DA:80,2
DA:81,2
DA:82,2
DA:86,2
DA:87,2
DA:88,2
DA:89,2
DA:90,2
DA:91,2
DA:92,2
DA:93,2
DA:94,2
DA:95,2
DA:96,2
DA:97,2
DA:98,2
DA:99,2
DA:100,2
LF:59
LH:59
end_of_record
SF:lib\domain\entities\movie.dart
DA:4,7
DA:20,1
DA:41,6
DA:42,6
DA:43,6
DA:44,6
DA:45,6
DA:46,6
DA:47,6
DA:48,6
DA:49,6
DA:50,6
DA:51,6
DA:52,6
DA:53,6
DA:54,6
DA:55,6
LF:17
LH:17
end_of_record
SF:lib\domain\entities\movie_detail.dart
DA:6,6
DA:34,1
DA:35,1
DA:36,1
DA:37,1
DA:38,1
DA:39,1
DA:40,1
DA:41,1
DA:42,1
DA:43,1
DA:44,1
DA:45,1
DA:46,1
LF:14
LH:14
end_of_record
SF:lib\utils\failure.dart
DA:6,13
DA:8,2
DA:9,4
DA:13,22
DA:17,4
DA:21,8
LF:6
LH:6
end_of_record
SF:lib\data\models\tvshow\tv_detail_model.dart
DA:9,2
DA:69,1
DA:70,1
DA:71,1
DA:72,1
DA:73,4
DA:74,4
DA:75,2
DA:77,2
DA:78,1
DA:79,4
DA:80,1
DA:81,1
DA:82,1
DA:83,4
DA:84,2
DA:85,1
DA:86,1
DA:87,1
DA:88,1
DA:89,4
DA:90,1
DA:91,1
DA:92,1
DA:93,2
DA:94,1
DA:95,1
DA:96,4
DA:97,1
DA:98,1
DA:99,1
DA:100,1
DA:101,1
DA:104,0
DA:105,0
DA:106,0
DA:107,0
DA:108,0
DA:110,0
DA:111,0
DA:112,0
DA:113,0
DA:114,0
DA:115,0
DA:117,0
DA:118,0
DA:119,0
DA:120,0
DA:121,0
DA:122,0
DA:123,0
DA:124,0
DA:125,0
DA:126,0
DA:127,0
DA:128,0
DA:129,0
DA:130,0
DA:131,0
DA:132,0
DA:133,0
DA:134,0
DA:137,1
DA:138,1
DA:139,1
DA:140,1
DA:141,5
DA:142,2
DA:143,5
DA:144,1
DA:145,1
DA:146,1
DA:147,1
DA:148,1
DA:149,1
DA:150,1
DA:151,1
DA:155,1
DA:157,1
DA:158,1
DA:159,1
DA:160,1
DA:161,1
DA:162,1
DA:163,1
DA:164,1
DA:165,1
DA:166,1
DA:167,1
DA:168,1
DA:169,1
DA:170,1
DA:171,1
DA:172,1
DA:173,1
DA:174,1
DA:175,1
DA:176,1
DA:177,1
DA:178,1
DA:179,1
DA:180,1
DA:181,1
DA:182,1
DA:183,1
DA:184,1
DA:185,1
LF:107
LH:78
end_of_record
SF:lib\data\datasources\movie\movie_remote_data_source.dart
DA:28,1
DA:31,1
DA:33,5
DA:35,2
DA:36,4
DA:38,1
DA:43,1
DA:45,5
DA:47,2
DA:48,3
DA:50,1
DA:55,1
DA:56,2
DA:57,3
DA:59,2
DA:60,4
DA:62,1
DA:67,1
DA:69,5
DA:71,2
DA:72,4
DA:74,1
DA:79,1
DA:81,5
DA:83,2
DA:84,4
DA:86,1
DA:91,1
DA:92,2
DA:93,3
DA:95,2
DA:96,4
DA:98,1
LF:33
LH:33
end_of_record
SF:lib\data\datasources\movie\movie_local_data_source.dart
DA:19,1
DA:22,1
DA:24,3
DA:27,2
DA:32,1
DA:34,3
DA:37,2
DA:42,1
DA:43,3
DA:45,1
DA:52,1
DA:53,3
DA:54,4
LF:13
LH:13
end_of_record
SF:lib\data\datasources\tvshow\tvshow_remote_data_source.dart
DA:28,1
DA:31,1
DA:33,5
DA:35,2
DA:36,4
DA:38,1
DA:43,1
DA:44,5
DA:46,2
DA:47,3
DA:49,1
DA:54,1
DA:55,2
DA:56,3
DA:58,2
DA:59,4
DA:61,1
DA:66,1
DA:68,5
DA:70,2
DA:71,4
DA:73,1
DA:78,1
DA:80,5
DA:82,2
DA:83,4
DA:85,1
DA:90,1
DA:91,2
DA:92,3
DA:94,2
DA:95,4
DA:97,1
LF:33
LH:33
end_of_record
SF:lib\data\datasources\tvshow\tvshow_local_data_source.dart
DA:19,1
DA:22,1
DA:23,3
DA:25,1
DA:32,1
DA:33,3
DA:34,4
DA:38,1
DA:40,3
DA:43,2
DA:48,1
DA:50,3
DA:53,2
LF:13
LH:13
end_of_record
SF:lib\styles\text_styles.dart
DA:5,0
DA:6,0
DA:7,0
DA:9,0
DA:11,0
DA:15,0
DA:16,0
DA:17,0
DA:18,0
DA:19,0
LF:10
LH:0
end_of_record
SF:lib\data\models\genre_model.dart
DA:6,4
DA:14,4
DA:15,2
DA:16,2
DA:19,0
DA:20,0
DA:21,0
DA:24,2
DA:25,6
DA:28,2
DA:29,6
LF:11
LH:8
end_of_record
SF:lib\data\models\movie_response.dart
DA:8,2
DA:10,4
DA:11,4
DA:12,6
DA:13,6
DA:16,2
DA:17,5
DA:20,1
DA:21,2
LF:9
LH:9
end_of_record
SF:lib\data\models\movie_table.dart
DA:12,2
DA:19,2
DA:20,1
DA:21,1
DA:22,1
DA:23,1
DA:26,2
DA:27,1
DA:28,1
DA:29,1
DA:30,1
DA:33,0
DA:34,0
DA:35,0
DA:36,0
DA:37,0
DA:40,2
DA:41,1
DA:42,1
DA:43,1
DA:44,1
DA:47,2
DA:49,10
LF:23
LH:18
end_of_record
SF:lib\data\models\tvshow\lastepisode\lastepisode.dart
DA:6,2
DA:30,1
DA:31,1
DA:32,2
DA:33,1
DA:34,1
DA:35,1
DA:36,1
DA:37,1
DA:38,1
DA:39,1
DA:40,1
DA:41,1
DA:44,0
DA:46,0
DA:47,0
DA:48,0
DA:49,0
DA:50,0
DA:51,0
DA:52,0
DA:53,0
DA:54,0
DA:55,0
DA:58,1
DA:59,1
DA:60,1
DA:61,1
DA:62,1
DA:63,1
DA:64,1
DA:65,1
DA:68,1
DA:69,1
DA:70,1
DA:71,1
DA:72,1
DA:73,1
DA:74,1
DA:75,1
DA:76,1
DA:77,1
DA:78,1
DA:79,1
LF:44
LH:33
end_of_record
SF:lib\data\models\tvshow\season\season.dart
DA:6,2
DA:22,2
DA:23,1
DA:24,1
DA:25,1
DA:26,1
DA:27,1
DA:28,1
DA:31,0
DA:32,0
DA:33,0
DA:34,0
DA:35,0
DA:36,0
DA:37,0
DA:40,1
DA:41,1
DA:42,1
DA:43,1
DA:44,1
DA:45,1
DA:46,1
DA:49,1
DA:50,1
DA:51,1
DA:52,1
DA:53,1
DA:54,1
DA:55,1
DA:56,1
LF:30
LH:23
end_of_record
SF:lib\data\models\tvshow\tv_model.dart
DA:6,4
DA:34,4
DA:36,4
DA:37,8
DA:38,2
DA:39,2
DA:40,8
DA:41,2
DA:42,2
DA:43,2
DA:44,4
DA:45,2
DA:46,4
DA:47,2
DA:50,2
DA:51,2
DA:52,4
DA:53,1
DA:54,1
DA:55,4
DA:56,1
DA:57,1
DA:58,1
DA:59,1
DA:60,1
DA:61,1
DA:62,1
DA:65,4
DA:66,2
DA:67,2
DA:68,2
DA:69,2
DA:70,2
DA:71,2
DA:72,2
DA:73,2
DA:74,2
DA:75,2
DA:78,2
DA:79,2
DA:80,2
DA:81,2
DA:82,2
DA:83,2
DA:84,2
DA:85,2
DA:86,2
DA:87,2
DA:88,2
DA:89,2
DA:90,2
DA:91,2
LF:52
LH:52
end_of_record
SF:lib\data\models\tvshow\tv_response.dart
DA:5,2
DA:11,4
DA:12,4
DA:13,6
DA:14,6
DA:17,2
DA:18,5
DA:21,1
DA:22,2
LF:9
LH:9
end_of_record
SF:lib\data\models\tvshow\tv_table.dart
DA:12,2
DA:19,2
DA:20,1
DA:21,1
DA:22,1
DA:23,1
DA:26,2
DA:27,1
DA:28,1
DA:29,1
DA:30,1
DA:33,0
DA:34,0
DA:35,0
DA:36,0
DA:37,0
DA:40,2
DA:41,1
DA:42,1
DA:43,1
DA:44,1
DA:47,2
DA:48,10
LF:23
LH:18
end_of_record
SF:lib\data\repositories\movie_repository_impl.dart
DA:18,1
DA:24,1
DA:26,3
DA:27,5
DA:28,1
DA:29,2
DA:30,1
DA:31,2
DA:36,1
DA:38,3
DA:39,2
DA:40,1
DA:41,2
DA:42,1
DA:43,2
DA:48,1
DA:50,3
DA:51,3
DA:52,1
DA:53,2
DA:54,1
DA:55,2
DA:60,1
DA:62,3
DA:63,5
DA:64,1
DA:65,2
DA:66,1
DA:67,2
DA:72,1
DA:74,3
DA:75,5
DA:76,1
DA:77,2
DA:78,1
DA:79,2
DA:84,1
DA:86,3
DA:87,5
DA:88,1
DA:89,2
DA:90,1
DA:91,2
DA:96,1
DA:99,4
DA:100,1
DA:101,1
DA:102,3
DA:109,1
DA:112,4
DA:113,1
DA:114,1
DA:115,3
DA:120,1
DA:121,3
DA:126,1
DA:127,3
DA:128,5
LF:58
LH:58
end_of_record
SF:lib\data\repositories\tvshow_repository_impl.dart
DA:19,1
DA:25,1
DA:27,3
DA:28,5
DA:29,1
DA:30,2
DA:31,1
DA:32,2
DA:37,1
DA:39,3
DA:40,5
DA:41,1
DA:42,2
DA:43,1
DA:44,2
DA:49,1
DA:51,3
DA:52,2
DA:53,1
DA:54,2
DA:55,1
DA:56,2
DA:61,1
DA:63,3
DA:64,5
DA:65,1
DA:66,2
DA:67,1
DA:68,2
DA:73,1
DA:74,3
DA:75,5
DA:79,1
DA:80,3
DA:85,1
DA:88,2
DA:89,2
DA:90,1
DA:91,1
DA:92,3
DA:97,1
DA:100,2
DA:101,2
DA:102,1
DA:103,1
DA:104,3
DA:111,1
DA:113,3
DA:114,5
DA:115,1
DA:116,2
DA:117,1
DA:118,2
DA:123,1
DA:125,3
DA:126,5
DA:127,1
DA:128,2
DA:129,1
DA:130,2
LF:60
LH:60
end_of_record
SF:lib\domain\entities\genre.dart
DA:4,12
DA:12,3
DA:13,9
LF:3
LH:3
end_of_record
SF:lib\domain\entities\tvshow\lastepisode.dart
DA:4,6
DA:21,2
DA:23,14
LF:3
LH:3
end_of_record
SF:lib\domain\entities\tvshow\tvshow.dart
DA:4,7
DA:17,1
DA:35,7
DA:36,7
DA:37,7
DA:38,7
DA:39,7
DA:40,7
DA:41,7
DA:42,7
DA:43,7
DA:44,7
DA:45,7
DA:46,7
LF:14
LH:14
end_of_record
SF:lib\domain\entities\tvshow\tvshow_detail.dart
DA:8,6
DA:38,2
DA:39,2
DA:40,2
DA:41,2
DA:42,2
DA:43,2
DA:44,2
DA:45,2
DA:46,2
DA:47,2
DA:48,2
DA:49,2
DA:50,2
DA:51,2
DA:52,2
LF:16
LH:16
end_of_record
SF:lib\domain\usecases\get_movie_detail.dart
DA:10,1
DA:12,1
DA:13,2
LF:3
LH:3
end_of_record
SF:lib\domain\usecases\get_movie_recommendations.dart
DA:10,1
DA:12,1
DA:13,2
LF:3
LH:3
end_of_record
SF:lib\domain\usecases\get_now_playing_movies.dart
DA:9,1
DA:11,1
DA:12,2
LF:3
LH:3
end_of_record
SF:lib\domain\usecases\get_popular_movies.dart
DA:9,1
DA:11,1
DA:12,2
LF:3
LH:3
end_of_record
SF:lib\domain\usecases\get_top_rated_movies.dart
DA:9,1
DA:11,1
DA:12,2
LF:3
LH:3
end_of_record
SF:lib\domain\usecases\get_watchlist_movies.dart
DA:9,1
DA:11,1
DA:12,2
LF:3
LH:3
end_of_record
SF:lib\domain\usecases\get_watchlist_status.dart
DA:7,1
DA:9,1
DA:10,2
LF:3
LH:3
end_of_record
SF:lib\domain\usecases\remove_watchlist.dart
DA:9,1
DA:11,1
DA:12,2
LF:3
LH:3
end_of_record
SF:lib\domain\usecases\save_watchlist.dart
DA:9,1
DA:11,1
DA:12,2
LF:3
LH:3
end_of_record
SF:lib\domain\usecases\tvshow\get_popular_tvshow.dart
DA:10,1
DA:12,1
DA:13,2
LF:3
LH:3
end_of_record
SF:lib\domain\usecases\tvshow\get_top_rated_tvshow.dart
DA:9,0
DA:11,0
DA:12,0
LF:3
LH:0
end_of_record
SF:lib\domain\usecases\tvshow\get_tvshow_detail.dart
DA:9,1
DA:11,1
DA:12,2
LF:3
LH:3
end_of_record
SF:lib\domain\usecases\tvshow\get_tvshow_on_the_air.dart
DA:11,1
DA:13,1
DA:14,2
LF:3
LH:3
end_of_record
SF:lib\domain\usecases\tvshow\get_tvshow_recommendations.dart
DA:9,1
DA:11,1
DA:12,2
LF:3
LH:3
end_of_record
SF:lib\domain\usecases\tvshow\get_watchlist_tvshow.dart
DA:10,1
DA:12,1
DA:13,2
LF:3
LH:3
end_of_record
SF:lib\domain\usecases\tvshow\get_watchlist_tvshow_status.dart
DA:6,1
DA:8,3
LF:2
LH:2
end_of_record
SF:lib\domain\usecases\tvshow\remove_watchlist_tvshow.dart
DA:9,1
DA:11,1
DA:12,2
LF:3
LH:3
end_of_record
SF:lib\domain\usecases\tvshow\save_watchlist_tvshow.dart
DA:10,1
DA:12,1
DA:13,2
LF:3
LH:3
end_of_record
SF:lib\presentation\bloc\movies\detail\detail_movie_state.dart
DA:4,1
DA:5,1
DA:12,1
DA:14,1
DA:15,2
DA:20,1
DA:22,1
DA:23,2
LF:8
LH:8
end_of_record
SF:lib\presentation\bloc\movies\detail\detail_movie_event.dart
DA:4,0
DA:5,0
DA:10,1
DA:12,0
DA:13,0
LF:5
LH:1
end_of_record
SF:lib\presentation\bloc\movies\detail\detail_movie_bloc.dart
DA:12,1
DA:13,2
DA:14,2
DA:15,2
DA:17,4
DA:18,4
DA:20,2
DA:21,3
DA:22,1
DA:23,1
DA:24,4
DA:25,1
DA:26,2
LF:13
LH:13
end_of_record
SF:lib\presentation\bloc\movies\detail\watchlist\detail_watchlist_movie_bloc.dart
DA:18,1
DA:20,2
DA:21,2
DA:22,4
DA:24,5
DA:25,1
DA:26,2
DA:30,2
DA:31,4
DA:32,6
DA:33,2
DA:37,2
DA:38,4
DA:39,2
LF:14
LH:14
end_of_record
SF:lib\presentation\bloc\movies\detail\watchlist\detail_watchlist_movie_state.dart
DA:4,1
DA:5,1
DA:12,1
DA:14,1
DA:15,2
DA:20,1
DA:22,1
DA:23,2
LF:8
LH:8
end_of_record
SF:lib\presentation\bloc\movies\detail\watchlist\detail_watchlist_movie_event.dart
DA:4,0
DA:5,0
DA:10,1
DA:12,0
DA:13,0
DA:18,1
DA:20,0
DA:21,0
DA:26,1
DA:28,0
DA:29,0
LF:11
LH:3
end_of_record
SF:lib\presentation\bloc\movies\now_playing\now_playing_state.dart
DA:4,1
DA:5,1
DA:14,1
DA:16,1
DA:17,2
DA:22,1
DA:24,1
DA:25,2
LF:8
LH:8
end_of_record
SF:lib\presentation\bloc\movies\now_playing\now_playing_bloc.dart
DA:11,3
DA:12,2
DA:13,2
DA:14,3
DA:15,2
DA:16,3
DA:17,1
DA:18,2
LF:8
LH:8
end_of_record
SF:lib\presentation\bloc\movies\now_playing\now_playing_event.dart
DA:4,0
DA:5,0
LF:2
LH:0
end_of_record
SF:lib\presentation\bloc\movies\popular\popular_movies_state.dart
DA:4,1
DA:5,1
DA:14,1
DA:16,1
DA:17,2
DA:22,1
DA:24,1
DA:25,2
LF:8
LH:8
end_of_record
SF:lib\presentation\bloc\movies\popular\popular_movies_bloc.dart
DA:11,3
DA:12,2
DA:13,2
DA:14,3
DA:15,2
DA:16,3
DA:17,1
DA:18,2
LF:8
LH:8
end_of_record
SF:lib\presentation\bloc\movies\popular\popular_movies_event.dart
DA:4,0
DA:5,0
LF:2
LH:0
end_of_record
SF:lib\presentation\bloc\movies\top_rated\top_rated_movies_bloc.dart
DA:13,3
DA:14,2
DA:15,2
DA:16,3
DA:17,2
DA:18,3
DA:19,1
DA:20,2
LF:8
LH:8
end_of_record
SF:lib\presentation\bloc\movies\top_rated\top_rated_movies_event.dart
DA:4,0
DA:5,0
LF:2
LH:0
end_of_record
SF:lib\presentation\bloc\movies\top_rated\top_rated_movies_state.dart
DA:4,1
DA:5,1
DA:14,1
DA:16,1
DA:17,2
DA:22,1
DA:24,1
DA:25,2
LF:8
LH:8
end_of_record
SF:lib\presentation\bloc\movies\watchlist\watchlist_movies_bloc.dart
DA:12,0
DA:13,0
DA:14,0
DA:15,0
DA:16,0
DA:17,0
DA:18,0
DA:19,0
LF:8
LH:0
end_of_record
SF:lib\presentation\bloc\movies\watchlist\watchlist_movies_state.dart
DA:4,0
DA:5,0
DA:14,0
DA:16,0
DA:17,0
DA:22,0
DA:24,0
DA:25,0
LF:8
LH:0
end_of_record
SF:lib\presentation\bloc\movies\watchlist\watchlist_movies_event.dart
DA:4,0
DA:5,0
LF:2
LH:0
end_of_record
SF:lib\presentation\bloc\tvshow\airing\on_the_air_tv_show_state.dart
DA:4,1
DA:5,1
DA:14,1
DA:16,1
DA:17,2
DA:22,1
DA:24,1
DA:25,2
LF:8
LH:8
end_of_record
SF:lib\presentation\bloc\tvshow\airing\on_the_air_tv_show_event.dart
DA:4,0
DA:5,0
LF:2
LH:0
end_of_record
SF:lib\presentation\bloc\tvshow\airing\on_the_air_tv_show_bloc.dart
DA:12,3
DA:13,2
DA:14,2
DA:15,3
DA:16,2
DA:17,3
DA:18,1
DA:19,2
LF:8
LH:8
end_of_record
SF:lib\presentation\bloc\tvshow\detail\detail_tv_show_state.dart
DA:4,1
DA:5,1
DA:12,1
DA:14,1
DA:15,3
DA:20,1
DA:22,1
DA:23,2
LF:8
LH:8
end_of_record
SF:lib\presentation\bloc\tvshow\detail\detail_tv_show_event.dart
DA:4,0
DA:5,0
DA:10,1
DA:12,0
DA:13,0
LF:5
LH:1
end_of_record
SF:lib\presentation\bloc\tvshow\detail\detail_tv_show_bloc.dart
DA:12,1
DA:15,2
DA:16,2
DA:17,2
DA:19,4
DA:20,4
DA:22,2
DA:23,3
DA:24,1
DA:25,1
DA:26,4
DA:27,1
DA:28,2
LF:13
LH:13
end_of_record
SF:lib\presentation\bloc\tvshow\detail\watchlist\detail_watchlist_event.dart
DA:4,0
DA:5,0
DA:10,1
DA:12,0
DA:13,0
DA:18,1
DA:20,0
DA:21,0
DA:26,1
DA:28,0
DA:29,0
LF:11
LH:3
end_of_record
SF:lib\presentation\bloc\tvshow\detail\watchlist\detail_watchlist_state.dart
DA:4,0
DA:5,0
DA:9,1
DA:10,1
DA:15,1
DA:17,1
DA:18,2
DA:23,1
DA:25,1
DA:26,2
LF:10
LH:8
end_of_record
SF:lib\presentation\bloc\tvshow\detail\watchlist\detail_watchlist_bloc.dart
DA:18,1
DA:22,2
DA:23,2
DA:24,4
DA:25,5
DA:26,1
DA:27,2
DA:31,2
DA:32,4
DA:33,6
DA:34,2
DA:38,2
DA:39,4
DA:40,2
LF:14
LH:14
end_of_record
SF:lib\presentation\bloc\tvshow\popular\popular_tv_show_bloc.dart
DA:11,3
DA:12,2
DA:13,2
DA:14,3
DA:15,2
DA:16,3
DA:17,1
DA:18,2
LF:8
LH:8
end_of_record
SF:lib\presentation\bloc\tvshow\popular\popular_tv_show_state.dart
DA:4,1
DA:5,1
DA:14,1
DA:16,1
DA:17,2
DA:22,1
DA:24,1
DA:25,2
LF:8
LH:8
end_of_record
SF:lib\presentation\bloc\tvshow\popular\popular_tv_show_event.dart
DA:4,0
DA:5,0
LF:2
LH:0
end_of_record
SF:lib\presentation\bloc\tvshow\top_rated\top_rated_tv_show_bloc.dart
DA:12,3
DA:13,2
DA:14,2
DA:15,3
DA:16,2
DA:17,3
DA:18,1
DA:19,2
LF:8
LH:8
end_of_record
SF:lib\presentation\bloc\tvshow\top_rated\top_rated_tv_show_state.dart
DA:4,1
DA:5,1
DA:14,1
DA:16,1
DA:17,2
DA:22,1
DA:24,1
DA:25,2
LF:8
LH:8
end_of_record
SF:lib\presentation\bloc\tvshow\top_rated\top_rated_tv_show_event.dart
DA:4,0
DA:5,0
LF:2
LH:0
end_of_record
SF:lib\presentation\bloc\tvshow\watchlist\watchlist_tv_show_state.dart
DA:4,1
DA:5,1
DA:14,1
DA:16,1
DA:17,2
DA:22,1
DA:24,1
DA:25,2
LF:8
LH:8
end_of_record
SF:lib\presentation\bloc\tvshow\watchlist\watchlist_tv_show_event.dart
DA:4,0
DA:5,0
LF:2
LH:0
end_of_record
SF:lib\presentation\bloc\tvshow\watchlist\watchlist_tv_show_bloc.dart
DA:12,3
DA:13,2
DA:14,2
DA:15,3
DA:16,2
DA:17,3
DA:18,1
DA:19,2
LF:8
LH:8
end_of_record
SF:lib\presentation\pages\home_page.dart
DA:10,0
DA:11,0
DA:17,0
DA:19,0
DA:20,0
DA:21,0
DA:22,0
DA:23,0
DA:24,0
DA:25,0
DA:27,0
DA:28,0
DA:30,0
DA:31,0
DA:32,0
DA:33,0
DA:34,0
DA:35,0
DA:36,0
DA:37,0
DA:38,0
DA:41,0
DA:44,0
DA:45,0
DA:46,0
DA:47,0
DA:48,0
DA:49,0
DA:50,0
DA:51,0
DA:52,0
DA:55,0
DA:58,0
DA:59,0
DA:60,0
DA:61,0
DA:62,0
DA:65,0
DA:66,0
DA:67,0
DA:69,0
DA:70,0
DA:75,0
DA:76,0
DA:77,0
DA:78,0
DA:79,0
DA:80,0
DA:81,0
DA:83,0
DA:85,0
DA:86,0
DA:87,0
DA:89,0
DA:93,0
DA:94,0
DA:95,0
DA:97,0
DA:98,0
LF:59
LH:0
end_of_record
SF:lib\presentation\pages\movie_detail_page.dart
DA:13,0
DA:15,0
DA:16,0
DA:20,0
DA:22,0
DA:23,0
DA:24,0
DA:25,0
DA:26,0
DA:27,0
DA:31,0
DA:33,0
DA:34,0
DA:35,0
DA:36,0
DA:38,0
DA:39,0
DA:40,0
DA:41,0
DA:42,0
DA:56,0
DA:57,0
DA:59,0
DA:61,0
DA:62,0
DA:63,0
DA:64,0
DA:65,0
DA:67,0
DA:68,0
DA:70,0
DA:72,0
DA:74,0
DA:75,0
DA:76,0
DA:77,0
DA:79,0
DA:86,0
DA:87,0
DA:88,0
DA:90,0
DA:92,0
DA:94,0
DA:95,0
DA:96,0
DA:97,0
DA:99,0
DA:101,0
DA:102,0
DA:103,0
DA:104,0
DA:105,0
DA:107,0
DA:108,0
DA:111,0
DA:112,0
DA:113,0
DA:116,0
DA:121,0
DA:124,0
DA:127,0
DA:128,0
DA:129,0
DA:131,0
DA:133,0
DA:134,0
DA:135,0
DA:140,0
DA:142,0
DA:143,0
DA:144,0
DA:145,0
DA:146,0
DA:155,0
DA:156,0
DA:158,0
DA:159,0
DA:161,0
DA:162,0
DA:163,0
DA:164,0
DA:166,0
DA:172,0
DA:175,0
DA:176,0
DA:178,0
DA:180,0
DA:181,0
DA:183,0
DA:184,0
DA:185,0
DA:187,0
DA:190,0
DA:191,0
DA:198,0
DA:200,0
DA:215,0
DA:217,0
DA:220,0
DA:221,0
DA:222,0
DA:223,0
DA:232,0
DA:233,0
DA:235,0
DA:237,0
DA:238,0
DA:239,0
DA:240,0
DA:241,0
DA:242,0
DA:244,0
DA:246,0
DA:253,0
DA:254,0
DA:256,0
DA:257,0
DA:258,0
DA:261,0
DA:262,0
DA:263,0
DA:264,0
DA:266,0
DA:268,0
DA:269,0
DA:275,0
DA:277,0
DA:278,0
DA:281,0
DA:285,0
DA:288,0
DA:289,0
DA:290,0
DA:292,0
DA:293,0
DA:295,0
LF:136
LH:0
end_of_record
SF:lib\presentation\pages\on_the_air_tvshows_page.dart
DA:10,0
DA:12,0
DA:13,0
DA:17,0
DA:19,0
DA:20,0
DA:21,0
DA:24,0
DA:26,0
DA:27,0
DA:28,0
DA:30,0
DA:32,0
DA:33,0
DA:34,0
DA:38,0
DA:39,0
DA:40,0
DA:41,0
DA:42,0
DA:44,0
DA:46,0
DA:47,0
DA:48,0
DA:49,0
LF:25
LH:0
end_of_record
SF:lib\presentation\pages\popular_movies_page.dart
DA:11,0
DA:12,0
DA:16,0
DA:18,0
DA:19,0
DA:20,0
DA:23,0
DA:25,0
DA:26,0
DA:27,0
DA:29,0
DA:31,0
DA:32,0
DA:33,0
DA:37,0
DA:38,0
DA:39,0
DA:40,0
DA:41,0
DA:43,0
DA:45,0
DA:46,0
DA:47,0
DA:48,0
LF:24
LH:0
end_of_record
SF:lib\presentation\pages\popular_tvshows_page.dart
DA:11,0
DA:13,0
DA:14,0
DA:18,0
DA:20,0
DA:21,0
DA:22,0
DA:26,0
DA:28,0
DA:29,0
DA:30,0
DA:32,0
DA:34,0
DA:35,0
DA:36,0
DA:40,0
DA:41,0
DA:42,0
DA:43,0
DA:44,0
DA:46,0
DA:48,0
DA:49,0
DA:50,0
DA:51,0
LF:25
LH:0
end_of_record
SF:lib\presentation\pages\top_rated_movies_page.dart
DA:11,0
DA:12,0
DA:16,0
DA:18,0
DA:19,0
DA:20,0
DA:23,0
DA:25,0
DA:26,0
DA:27,0
DA:29,0
DA:31,0
DA:32,0
DA:33,0
DA:37,0
DA:38,0
DA:39,0
DA:40,0
DA:41,0
DA:43,0
DA:45,0
DA:46,0
DA:47,0
DA:48,0
LF:24
LH:0
end_of_record
SF:lib\presentation\pages\top_rated_tvshows_page.dart
DA:8,0
DA:10,0
DA:11,0
DA:15,0
DA:17,0
DA:18,0
DA:19,0
DA:22,0
DA:24,0
DA:25,0
DA:26,0
DA:28,0
DA:30,0
DA:31,0
DA:32,0
DA:36,0
DA:37,0
DA:38,0
DA:39,0
DA:40,0
DA:42,0
DA:44,0
DA:45,0
DA:46,0
DA:47,0
LF:25
LH:0
end_of_record
SF:lib\presentation\pages\tvshow_detail_page.dart
DA:13,0
DA:15,0
DA:16,0
DA:20,0
DA:22,0
DA:23,0
DA:24,0
DA:25,0
DA:29,0
DA:31,0
DA:32,0
DA:33,0
DA:34,0
DA:36,0
DA:37,0
DA:38,0
DA:39,0
DA:40,0
DA:54,0
DA:55,0
DA:57,0
DA:59,0
DA:60,0
DA:61,0
DA:62,0
DA:63,0
DA:65,0
DA:68,0
DA:69,0
DA:71,0
DA:73,0
DA:76,0
DA:77,0
DA:78,0
DA:82,0
DA:84,0
DA:85,0
DA:86,0
DA:87,0
DA:89,0
DA:96,0
DA:97,0
DA:98,0
DA:100,0
DA:106,0
DA:108,0
DA:110,0
DA:112,0
DA:113,0
DA:114,0
DA:115,0
DA:117,0
DA:119,0
DA:120,0
DA:121,0
DA:122,0
DA:123,0
DA:125,0
DA:126,0
DA:129,0
DA:130,0
DA:132,0
DA:138,0
DA:141,0
DA:144,0
DA:145,0
DA:146,0
DA:148,0
DA:150,0
DA:151,0
DA:152,0
DA:157,0
DA:159,0
DA:160,0
DA:161,0
DA:162,0
DA:163,0
DA:172,0
DA:173,0
DA:174,0
DA:175,0
DA:176,0
DA:177,0
DA:183,0
DA:185,0
DA:188,0
DA:189,0
DA:191,0
DA:193,0
DA:194,0
DA:195,0
DA:196,0
DA:198,0
DA:201,0
DA:202,0
DA:205,0
DA:207,0
DA:209,0
DA:211,0
DA:213,0
DA:214,0
DA:215,0
DA:216,0
DA:217,0
DA:218,0
DA:220,0
DA:223,0
DA:228,0
DA:229,0
DA:231,0
DA:233,0
DA:235,0
DA:236,0
DA:238,0
DA:255,0
DA:256,0
DA:257,0
DA:258,0
DA:259,0
DA:262,0
DA:263,0
DA:265,0
DA:267,0
DA:268,0
DA:269,0
DA:270,0
DA:271,0
DA:272,0
DA:274,0
DA:276,0
DA:283,0
DA:284,0
DA:286,0
DA:287,0
DA:288,0
DA:291,0
DA:292,0
DA:293,0
DA:294,0
DA:296,0
DA:298,0
DA:299,0
LF:142
LH:0
end_of_record
SF:lib\presentation\pages\tvshow_page.dart
DA:8,0
DA:10,0
DA:11,0
DA:15,0
DA:17,0
DA:18,0
DA:19,0
DA:20,0
DA:21,0
DA:25,0
DA:27,0
DA:29,0
DA:30,0
DA:32,0
DA:33,0
DA:35,0
DA:36,0
DA:38,0
DA:39,0
DA:40,0
DA:44,0
DA:45,0
DA:46,0
DA:47,0
DA:52,0
DA:54,0
DA:55,0
DA:57,0
DA:58,0
DA:59,0
DA:63,0
DA:64,0
DA:65,0
DA:66,0
DA:71,0
DA:73,0
DA:74,0
DA:76,0
DA:77,0
DA:78,0
DA:82,0
DA:83,0
DA:84,0
DA:85,0
DA:100,0
DA:102,0
DA:104,0
DA:106,0
DA:108,0
DA:109,0
DA:110,0
DA:112,0
DA:113,0
DA:114,0
DA:117,0
DA:120,0
DA:121,0
DA:122,0
DA:123,0
DA:124,0
DA:125,0
DA:127,0
DA:133,0
LF:63
LH:0
end_of_record
SF:lib\presentation\pages\watchlist_page.dart
DA:14,0
DA:15,0
DA:22,0
DA:24,0
DA:25,0
DA:26,0
DA:27,0
DA:28,0
DA:29,0
DA:32,0
DA:34,0
DA:35,0
DA:38,0
DA:39,0
DA:40,0
DA:43,0
DA:45,0
DA:46,0
DA:47,0
DA:48,0
DA:49,0
DA:50,0
DA:51,0
DA:54,0
DA:60,0
DA:61,0
DA:62,0
DA:63,0
DA:64,0
DA:70,0
DA:72,0
DA:73,0
DA:74,0
LF:33
LH:0
end_of_record
SF:lib\presentation\provider\movie_detail_notifier.dart
DA:24,0
DA:33,0
DA:36,0
DA:39,0
DA:42,0
DA:45,0
DA:48,0
DA:50,0
DA:51,0
DA:52,0
DA:53,0
DA:54,0
DA:55,0
DA:56,0
DA:57,0
DA:58,0
DA:59,0
DA:61,0
DA:62,0
DA:63,0
DA:64,0
DA:65,0
DA:66,0
DA:67,0
DA:68,0
DA:70,0
DA:71,0
DA:72,0
DA:75,0
DA:76,0
DA:82,0
DA:84,0
DA:85,0
DA:87,0
DA:88,0
DA:89,0
DA:91,0
DA:92,0
DA:96,0
DA:99,0
DA:100,0
DA:102,0
DA:103,0
DA:104,0
DA:106,0
DA:107,0
DA:111,0
DA:114,0
DA:115,0
DA:116,0
DA:117,0
LF:51
LH:0
end_of_record
SF:lib\presentation\provider\movie_list_notifier.dart
DA:11,0
DA:14,0
DA:17,0
DA:20,0
DA:23,0
DA:26,0
DA:29,0
DA:31,0
DA:41,0
DA:42,0
DA:43,0
DA:45,0
DA:46,0
DA:47,0
DA:48,0
DA:49,0
DA:50,0
DA:52,0
DA:53,0
DA:54,0
DA:55,0
DA:60,0
DA:61,0
DA:62,0
DA:64,0
DA:65,0
DA:66,0
DA:67,0
DA:68,0
DA:69,0
DA:71,0
DA:72,0
DA:73,0
DA:74,0
DA:79,0
DA:80,0
DA:81,0
DA:83,0
DA:84,0
DA:85,0
DA:86,0
DA:87,0
DA:88,0
DA:90,0
DA:91,0
DA:92,0
DA:93,0
LF:47
LH:0
end_of_record
SF:lib\presentation\provider\popular_movies_notifier.dart
DA:10,0
DA:13,0
DA:16,0
DA:19,0
DA:21,0
DA:22,0
DA:23,0
DA:25,0
DA:27,0
DA:28,0
DA:29,0
DA:30,0
DA:31,0
DA:33,0
DA:34,0
DA:35,0
DA:36,0
LF:17
LH:0
end_of_record
SF:lib\presentation\provider\top_rated_movies_notifier.dart
DA:10,0
DA:13,0
DA:16,0
DA:19,0
DA:21,0
DA:22,0
DA:23,0
DA:25,0
DA:27,0
DA:28,0
DA:29,0
DA:30,0
DA:31,0
DA:33,0
DA:34,0
DA:35,0
DA:36,0
LF:17
LH:0
end_of_record
SF:lib\presentation\provider\tvshow\popular_tvshows_notifier.dart
DA:11,0
DA:15,0
DA:19,0
DA:23,0
DA:25,0
DA:26,0
DA:27,0
DA:29,0
DA:31,0
DA:32,0
DA:33,0
DA:34,0
DA:35,0
DA:37,0
DA:38,0
DA:39,0
DA:40,0
LF:17
LH:0
end_of_record
SF:lib\presentation\provider\tvshow\top_rated_tvshows_notifier.dart
DA:11,0
DA:14,0
DA:17,0
DA:20,0
DA:22,0
DA:23,0
DA:24,0
DA:26,0
DA:27,0
DA:28,0
DA:29,0
DA:30,0
DA:31,0
DA:32,0
DA:33,0
DA:34,0
LF:16
LH:0
end_of_record
SF:lib\presentation\provider\tvshow\tvshow_detail_notifier.dart
DA:19,0
DA:29,0
DA:33,0
DA:37,0
DA:41,0
DA:45,0
DA:49,0
DA:51,0
DA:52,0
DA:53,0
DA:55,0
DA:56,0
DA:58,0
DA:59,0
DA:60,0
DA:61,0
DA:62,0
DA:63,0
DA:64,0
DA:65,0
DA:67,0
DA:68,0
DA:69,0
DA:70,0
DA:71,0
DA:72,0
DA:75,0
DA:76,0
DA:82,0
DA:84,0
DA:85,0
DA:86,0
DA:87,0
DA:90,0
DA:91,0
DA:93,0
DA:94,0
DA:95,0
DA:97,0
DA:98,0
DA:102,0
DA:105,0
DA:106,0
DA:108,0
DA:109,0
DA:110,0
DA:112,0
DA:113,0
DA:117,0
LF:49
LH:0
end_of_record
SF:lib\presentation\provider\tvshow\tvshow_list_notifier.dart
DA:11,0
DA:14,0
DA:17,0
DA:20,0
DA:23,0
DA:26,0
DA:29,0
DA:35,0
DA:40,0
DA:41,0
DA:42,0
DA:44,0
DA:46,0
DA:47,0
DA:48,0
DA:49,0
DA:50,0
DA:51,0
DA:52,0
DA:53,0
DA:57,0
DA:58,0
DA:59,0
DA:61,0
DA:62,0
DA:63,0
DA:64,0
DA:65,0
DA:66,0
DA:67,0
DA:68,0
DA:69,0
DA:73,0
DA:74,0
DA:75,0
DA:77,0
DA:79,0
DA:80,0
DA:81,0
DA:82,0
DA:83,0
DA:85,0
DA:86,0
DA:87,0
DA:88,0
LF:45
LH:0
end_of_record
SF:lib\presentation\provider\tvshow\tvshows_on_the_air_notifier.dart
DA:10,0
DA:13,0
DA:16,0
DA:19,0
DA:21,0
DA:22,0
DA:23,0
DA:25,0
DA:26,0
DA:27,0
DA:28,0
DA:29,0
DA:30,0
DA:31,0
DA:32,0
DA:33,0
LF:16
LH:0
end_of_record
SF:lib\presentation\provider\tvshow\watchlist_tvshow_notifier.dart
DA:9,0
DA:12,0
DA:15,0
DA:17,0
DA:21,0
DA:22,0
DA:23,0
DA:25,0
DA:26,0
DA:27,0
DA:28,0
DA:29,0
DA:30,0
DA:32,0
DA:33,0
DA:34,0
DA:35,0
LF:17
LH:0
end_of_record
SF:lib\presentation\provider\watchlist_movie_notifier.dart
DA:9,0
DA:12,0
DA:15,0
DA:17,0
DA:21,0
DA:22,0
DA:23,0
DA:25,0
DA:26,0
DA:27,0
DA:28,0
DA:29,0
DA:30,0
DA:32,0
DA:33,0
DA:34,0
DA:35,0
LF:17
LH:0
end_of_record
SF:lib\presentation\widgets\custom_subheading_list.dart
DA:5,0
DA:6,0
DA:8,0
DA:9,0
DA:11,0
DA:13,0
DA:15,0
DA:17,0
DA:18,0
LF:9
LH:0
end_of_record
SF:lib\presentation\widgets\movie_card_list.dart
DA:11,0
DA:13,0
DA:15,0
DA:17,0
DA:18,0
DA:19,0
DA:22,0
DA:25,0
DA:27,0
DA:28,0
DA:29,0
DA:35,0
DA:37,0
DA:38,0
DA:39,0
DA:42,0
DA:44,0
DA:45,0
DA:46,0
DA:54,0
DA:59,0
DA:60,0
DA:61,0
DA:63,0
DA:64,0
DA:66,0
DA:68,0
LF:27
LH:0
end_of_record
SF:lib\presentation\widgets\tvshow_card_list.dart
DA:11,0
DA:13,0
DA:15,0
DA:17,0
DA:18,0
DA:19,0
DA:22,0
DA:25,0
DA:27,0
DA:28,0
DA:29,0
DA:35,0
DA:37,0
DA:38,0
DA:39,0
DA:42,0
DA:44,0
DA:45,0
DA:46,0
DA:54,0
DA:59,0
DA:60,0
DA:61,0
DA:63,0
DA:64,0
DA:66,0
DA:68,0
LF:27
LH:0
end_of_record
SF:lib\utils\exception.dart
DA:6,4
LF:1
LH:1
end_of_record
SF:lib\utils\state_enum.dart
DA:1,38
LF:1
LH:1
end_of_record
SF:lib\utils\utils.dart
DA:3,0
LF:1
LH:0
end_of_record
SF:lib\presentation\pages\movies_page.dart
DA:8,0
DA:10,0
DA:11,0
DA:15,0
DA:17,0
DA:18,0
DA:19,0
DA:20,0
DA:21,0
DA:25,0
DA:27,0
DA:29,0
DA:30,0
DA:32,0
DA:33,0
DA:35,0
DA:37,0
DA:38,0
DA:39,0
DA:43,0
DA:44,0
DA:45,0
DA:46,0
DA:51,0
DA:53,0
DA:54,0
DA:56,0
DA:57,0
DA:58,0
DA:62,0
DA:63,0
DA:64,0
DA:65,0
DA:70,0
DA:72,0
DA:73,0
DA:75,0
DA:76,0
DA:77,0
DA:81,0
DA:82,0
DA:83,0
DA:84,0
DA:99,0
DA:101,0
DA:103,0
DA:105,0
DA:107,0
DA:108,0
DA:109,0
DA:111,0
DA:112,0
DA:113,0
DA:116,0
DA:119,0
DA:120,0
DA:121,0
DA:122,0
DA:123,0
DA:124,0
DA:126,0
DA:132,0
LF:62
LH:0
end_of_record
SF:lib\presentation\pages\watchlist_movies_page.dart
DA:8,0
DA:10,0
DA:12,0
DA:14,0
DA:15,0
DA:16,0
DA:20,0
DA:21,0
DA:22,0
DA:23,0
DA:24,0
DA:26,0
DA:28,0
DA:29,0
LF:14
LH:0
end_of_record
SF:lib\presentation\pages\watchlist_tvshows_page.dart
DA:9,0
DA:11,0
DA:13,0
DA:15,0
DA:16,0
DA:17,0
DA:21,0
DA:22,0
DA:23,0
DA:24,0
DA:25,0
DA:27,0
DA:29,0
DA:30,0
LF:14
LH:0
end_of_record
