SF:lib\domain\usescases\search_movies.dart
DA:7,1
DA:9,1
DA:10,2
LF:3
LH:3
end_of_record
SF:lib\domain\usescases\tvshow\search_tvshow.dart
DA:7,1
DA:9,1
DA:10,2
LF:3
LH:3
end_of_record
SF:lib\presentation\bloc\movie\search\search_bloc.dart
DA:13,3
DA:14,2
DA:15,1
DA:16,2
DA:17,3
DA:18,2
DA:19,3
DA:20,1
DA:21,2
DA:23,1
DA:26,1
DA:27,3
LF:12
LH:12
end_of_record
SF:lib\presentation\bloc\movie\search\search_state.dart
DA:4,1
DA:5,1
DA:15,1
DA:17,1
DA:18,2
DA:24,1
DA:26,1
DA:27,2
LF:8
LH:8
end_of_record
SF:lib\presentation\bloc\movie\search\search_event.dart
DA:8,1
DA:10,0
DA:11,0
LF:3
LH:1
end_of_record
SF:lib\presentation\bloc\tvshow\search\search_tv_show_bloc.dart
DA:13,3
DA:14,2
DA:15,1
DA:16,2
DA:17,3
DA:18,2
DA:19,3
DA:20,1
DA:21,2
DA:23,1
DA:26,1
DA:27,3
LF:12
LH:12
end_of_record
SF:lib\presentation\bloc\tvshow\search\search_tv_show_state.dart
DA:4,1
DA:5,1
DA:15,1
DA:17,1
DA:18,2
DA:24,1
DA:26,1
DA:27,2
LF:8
LH:8
end_of_record
SF:lib\presentation\bloc\tvshow\search\search_tv_show_event.dart
DA:8,1
DA:10,0
DA:11,0
LF:3
LH:1
end_of_record
